********************************************************************************
DUPLICATOR-LITE PACKAGE-LOG: January 29, 2020 1:39 pm
NOTICE: Do NOT post to public sites or forums 
********************************************************************************
VERSION:	1.3.24
WORDPRESS:	5.3.2
PHP INFO:	5.6.25 | SAPI: apache2handler
SERVER:		Apache/2.4.23 (Win64) PHP/5.6.25 
PHP TIME LIMIT: (0) no time limit imposed 
PHP MAX MEMORY: 4294967296 (128M default) 
MEMORY STACK: 43.25MB

********************************************************************************
DATABASE:
********************************************************************************
BUILD MODE:   PHP(query limit - 100)
MYSQLTIMEOUT: 5000
MYSQLDUMP:    Not Supported
TABLES: total:47 | filtered:0 | create:47
FILTERED: []
SQL CREATED: 20200129_smartattendancemarkingsystem_a726f81a5ab04bf71506_20200129133833_database.sql
SQL FILE SIZE: 879.39KB (900495)
SQL FILE TIME: 2020-01-29 13:39:22
SQL RUNTIME: 2.79 sec.

********************************************************************************
ARCHIVE (ZIP):
********************************************************************************
ARCHIVE DIR:  C:/wamp64/www/SAMS-WEB
ARCHIVE FILE: 20200129_smartattendancemarkingsystem_a726f81a5ab04bf71506_20200129133833_archive.zip
FILTERS: *OFF*
DIRS:
	not set
FILES:
	not set
EXTS:  not set
----------------------------------------
COMPRESSING
SIZE:	96.49MB
STATS:	Dirs 724 | Files 6,493
SQL ADDED: 20200129_smartattendancemarkingsystem_a726f81a5ab04bf71506_20200129133833_database.sql
ZipArchive Object
(
    [status] => 0
    [statusSys] => 0
    [numFiles] => 7217
    [filename] => C:\wamp64\www\SAMS-WEB\wp-snapshots\tmp\20200129_smartattendancemarkingsystem_a726f81a5ab04bf71506_20200129133833_archive.zip
    [comment] => 
)

FILE ADDED TO ZIP: 7216
COMPRESSION RESULT: '1'
COMPRESSED SIZE: 53.22MB
ARCHIVE RUNTIME: 74.55 sec.
MEMORY STACK: 45.75MB
building installer
add_extra_files1
add_extra_files2
add_extra_files3
add_extra_files4
Doing archive file check
add_extra_files5
add_extra_files6
add_extra_files8
Successfully opened zip C:/wamp64/www/SAMS-WEB/wp-snapshots/tmp/20200129_smartattendancemarkingsystem_a726f81a5ab04bf71506_20200129133833_archive.zip
Adding enhanced installer files to archive using ZipArchive
Installer files added to archive
Added to archive
After ziparchive close when adding installer

********************************************************************************
INTEGRITY CHECKS:
********************************************************************************
SQL FILE: 879.39KB
INSTALLER FILE: 60.55KB
ARCHIVE FILE: 54.62MB 
EXPECTED FILE/DIRECTORY COUNT: 7,217
ACTUAL FILE/DIRECTORY COUNT: 7,216
ARCHIVE CONSISTENCY TEST: Pass

********************************************************************************
RECORD ID:[1]
TOTAL PROCESS RUNTIME: 80.11 sec.
PEAK PHP MEMORY USED: 49MB
DONE PROCESSING => 20200129_smartattendancemarkingsystem January 29, 2020 1:40 pm

